This is XeTeX, Version 3.141592653-2.6-0.999993 (TeX Live 2021) (preloaded format=xelatex 2021.7.19)  2 AUG 2021 12:35
entering extended mode
 restricted \write18 enabled.
 %&-line parsing enabled.
**r_for_non_programmers.tex
(./r_for_non_programmers.tex
LaTeX2e <2021-06-01> patch level 1
L3 programming layer <2021-06-18> (/Users/danieldauber/Library/TinyTeX/texmf-di
st/tex/latex/base/book.cls
Document Class: book 2021/02/12 v1.4n Standard LaTeX document class
(/Users/danieldauber/Library/TinyTeX/texmf-dist/tex/latex/base/bk10.clo
File: bk10.clo 2021/02/12 v1.4n Standard LaTeX file (size option)
)
\c@part=\count178
\c@chapter=\count179
\c@section=\count180
\c@subsection=\count181
\c@subsubsection=\count182
\c@paragraph=\count183
\c@subparagraph=\count184
\c@figure=\count185
\c@table=\count186
\abovecaptionskip=\skip47
\belowcaptionskip=\skip48
\bibindent=\dimen138
) (/Users/danieldauber/Library/TinyTeX/texmf-dist/tex/latex/amsmath/amsmath.sty
Package: amsmath 2021/04/20 v2.17j AMS math features
\@mathmargin=\skip49
For additional information on amsmath, use the `?' option.
(/Users/danieldauber/Library/TinyTeX/texmf-dist/tex/latex/amsmath/amstext.sty
Package: amstext 2000/06/29 v2.01 AMS text
(/Users/danieldauber/Library/TinyTeX/texmf-dist/tex/latex/amsmath/amsgen.sty
File: amsgen.sty 1999/11/30 v2.0 generic functions
\@emptytoks=\toks16
\ex@=\dimen139
)) (/Users/danieldauber/Library/TinyTeX/texmf-dist/tex/latex/amsmath/amsbsy.sty
Package: amsbsy 1999/11/29 v1.2d Bold Symbols
\pmbraise@=\dimen140
) (/Users/danieldauber/Library/TinyTeX/texmf-dist/tex/latex/amsmath/amsopn.sty
Package: amsopn 2016/03/08 v2.02 operator names
)
\inf@bad=\count187
LaTeX Info: Redefining \frac on input line 234.
\uproot@=\count188
\leftroot@=\count189
LaTeX Info: Redefining \overline on input line 399.
\classnum@=\count190
\DOTSCASE@=\count191
LaTeX Info: Redefining \ldots on input line 496.
LaTeX Info: Redefining \dots on input line 499.
LaTeX Info: Redefining \cdots on input line 620.
\Mathstrutbox@=\box50
\strutbox@=\box51
\big@size=\dimen141
LaTeX Font Info:    Redeclaring font encoding OML on input line 743.
LaTeX Font Info:    Redeclaring font encoding OMS on input line 744.
\macc@depth=\count192
\c@MaxMatrixCols=\count193
\dotsspace@=\muskip16
\c@parentequation=\count194
\dspbrk@lvl=\count195
\tag@help=\toks17
\row@=\count196
\column@=\count197
\maxfields@=\count198
\andhelp@=\toks18
\eqnshift@=\dimen142
\alignsep@=\dimen143
\tagshift@=\dimen144
\tagwidth@=\dimen145
\totwidth@=\dimen146
\lineht@=\dimen147
\@envbody=\toks19
\multlinegap=\skip50
\multlinetaggap=\skip51
\mathdisplay@stack=\toks20
LaTeX Info: Redefining \[ on input line 2923.
LaTeX Info: Redefining \] on input line 2924.
) (/Users/danieldauber/Library/TinyTeX/texmf-dist/tex/latex/amsfonts/amssymb.st
y
Package: amssymb 2013/01/14 v3.01 AMS font symbols

(/Users/danieldauber/Library/TinyTeX/texmf-dist/tex/latex/amsfonts/amsfonts.sty
Package: amsfonts 2013/01/14 v3.01 Basic AMSFonts support
\symAMSa=\mathgroup4
\symAMSb=\mathgroup5
LaTeX Font Info:    Redeclaring math symbol \hbar on input line 98.
LaTeX Font Info:    Overwriting math alphabet `\mathfrak' in version `bold'
(Font)                  U/euf/m/n --> U/euf/b/n on input line 106.
)) (/Users/danieldauber/Library/TinyTeX/texmf-dist/tex/latex/lm/lmodern.sty
Package: lmodern 2015/05/01 v1.6.1 Latin Modern Fonts
LaTeX Font Info:    Overwriting symbol font `operators' in version `normal'
(Font)                  OT1/cmr/m/n --> OT1/lmr/m/n on input line 22.
LaTeX Font Info:    Overwriting symbol font `letters' in version `normal'
(Font)                  OML/cmm/m/it --> OML/lmm/m/it on input line 23.
LaTeX Font Info:    Overwriting symbol font `symbols' in version `normal'
(Font)                  OMS/cmsy/m/n --> OMS/lmsy/m/n on input line 24.
LaTeX Font Info:    Overwriting symbol font `largesymbols' in version `normal'
(Font)                  OMX/cmex/m/n --> OMX/lmex/m/n on input line 25.
LaTeX Font Info:    Overwriting symbol font `operators' in version `bold'
(Font)                  OT1/cmr/bx/n --> OT1/lmr/bx/n on input line 26.
LaTeX Font Info:    Overwriting symbol font `letters' in version `bold'
(Font)                  OML/cmm/b/it --> OML/lmm/b/it on input line 27.
LaTeX Font Info:    Overwriting symbol font `symbols' in version `bold'
(Font)                  OMS/cmsy/b/n --> OMS/lmsy/b/n on input line 28.
LaTeX Font Info:    Overwriting symbol font `largesymbols' in version `bold'
(Font)                  OMX/cmex/m/n --> OMX/lmex/m/n on input line 29.
LaTeX Font Info:    Overwriting math alphabet `\mathbf' in version `normal'
(Font)                  OT1/cmr/bx/n --> OT1/lmr/bx/n on input line 31.
LaTeX Font Info:    Overwriting math alphabet `\mathsf' in version `normal'
(Font)                  OT1/cmss/m/n --> OT1/lmss/m/n on input line 32.
LaTeX Font Info:    Overwriting math alphabet `\mathit' in version `normal'
(Font)                  OT1/cmr/m/it --> OT1/lmr/m/it on input line 33.
LaTeX Font Info:    Overwriting math alphabet `\mathtt' in version `normal'
(Font)                  OT1/cmtt/m/n --> OT1/lmtt/m/n on input line 34.
LaTeX Font Info:    Overwriting math alphabet `\mathbf' in version `bold'
(Font)                  OT1/cmr/bx/n --> OT1/lmr/bx/n on input line 35.
LaTeX Font Info:    Overwriting math alphabet `\mathsf' in version `bold'
(Font)                  OT1/cmss/bx/n --> OT1/lmss/bx/n on input line 36.
LaTeX Font Info:    Overwriting math alphabet `\mathit' in version `bold'
(Font)                  OT1/cmr/bx/it --> OT1/lmr/bx/it on input line 37.
LaTeX Font Info:    Overwriting math alphabet `\mathtt' in version `bold'
(Font)                  OT1/cmtt/m/n --> OT1/lmtt/m/n on input line 38.
) (/Users/danieldauber/Library/TinyTeX/texmf-dist/tex/generic/iftex/ifxetex.sty
Package: ifxetex 2019/10/25 v0.7 ifxetex legacy package. Use iftex instead.
(/Users/danieldauber/Library/TinyTeX/texmf-dist/tex/generic/iftex/iftex.sty
Package: iftex 2020/03/06 v1.0d TeX engine tests
)) (/Users/danieldauber/Library/TinyTeX/texmf-dist/tex/generic/iftex/ifluatex.s
ty
Package: ifluatex 2019/10/25 v1.5 ifluatex legacy package. Use iftex instead.
)
(/Users/danieldauber/Library/TinyTeX/texmf-dist/tex/latex/unicode-math/unicode-
math.sty (/Users/danieldauber/Library/TinyTeX/texmf-dist/tex/latex/l3kernel/exp
l3.sty
Package: expl3 2021-06-18 L3 programming layer (loader) 

(/Users/danieldauber/Library/TinyTeX/texmf-dist/tex/latex/l3backend/l3backend-x
etex.def
File: l3backend-xetex.def 2021-05-07 L3 backend support: XeTeX
(|extractbb --version)
\c__kernel_sys_dvipdfmx_version_int=\count199
\l__color_backend_stack_int=\count266
\g__color_backend_stack_int=\count267
\g__graphics_track_int=\count268
\l__pdf_internal_box=\box52
\g__pdf_backend_object_int=\count269
\g__pdf_backend_annotation_int=\count270
\g__pdf_backend_link_int=\count271
))
Package: unicode-math 2020/01/31 v0.8q Unicode maths in XeLaTeX and LuaLaTeX

(/Users/danieldauber/Library/TinyTeX/texmf-dist/tex/latex/unicode-math/unicode-
math-xetex.sty
Package: unicode-math-xetex 2020/01/31 v0.8q Unicode maths in XeLaTeX and LuaLa
TeX

(/Users/danieldauber/Library/TinyTeX/texmf-dist/tex/latex/l3packages/xparse/xpa
rse.sty
Package: xparse 2021-06-18 L3 Experimental document command parser
)
(/Users/danieldauber/Library/TinyTeX/texmf-dist/tex/latex/l3packages/l3keys2e/l
3keys2e.sty
Package: l3keys2e 2021-06-18 LaTeX2e option processing using LaTeX3 keys
)
(/Users/danieldauber/Library/TinyTeX/texmf-dist/tex/latex/fontspec/fontspec.sty
Package: fontspec 2020/02/21 v2.7i Font selection for XeLaTeX and LuaLaTeX

(/Users/danieldauber/Library/TinyTeX/texmf-dist/tex/latex/fontspec/fontspec-xet
ex.sty
Package: fontspec-xetex 2020/02/21 v2.7i Font selection for XeLaTeX and LuaLaTe
X
\l__fontspec_script_int=\count272
\l__fontspec_language_int=\count273
\l__fontspec_strnum_int=\count274
\l__fontspec_tmp_int=\count275
\l__fontspec_tmpa_int=\count276
\l__fontspec_tmpb_int=\count277
\l__fontspec_tmpc_int=\count278
\l__fontspec_em_int=\count279
\l__fontspec_emdef_int=\count280
\l__fontspec_strong_int=\count281
\l__fontspec_strongdef_int=\count282
\l__fontspec_tmpa_dim=\dimen148
\l__fontspec_tmpb_dim=\dimen149
\l__fontspec_tmpc_dim=\dimen150
(/Users/danieldauber/Library/TinyTeX/texmf-dist/tex/latex/base/fontenc.sty
Package: fontenc 2021/04/29 v2.0v Standard LaTeX package
)
(/Users/danieldauber/Library/TinyTeX/texmf-dist/tex/latex/fontspec/fontspec.cfg
))) (/Users/danieldauber/Library/TinyTeX/texmf-dist/tex/latex/base/fix-cm.sty
Package: fix-cm 2020/11/24 v1.1t fixes to LaTeX
(/Users/danieldauber/Library/TinyTeX/texmf-dist/tex/latex/base/ts1enc.def
File: ts1enc.def 2001/06/05 v3.0e (jk/car/fm) Standard LaTeX file
LaTeX Font Info:    Redeclaring font encoding TS1 on input line 47.
))
\g__um_fam_int=\count283
\g__um_fonts_used_int=\count284
\l__um_primecount_int=\count285
\g__um_primekern_muskip=\muskip17

(/Users/danieldauber/Library/TinyTeX/texmf-dist/tex/latex/unicode-math/unicode-
math-table.tex))) (/Users/danieldauber/Library/TinyTeX/texmf-dist/tex/latex/xco
lor/xcolor.sty
Package: xcolor 2016/05/11 v2.12 LaTeX color extensions (UK)

(/Users/danieldauber/Library/TinyTeX/texmf-dist/tex/latex/graphics-cfg/color.cf
g
File: color.cfg 2016/01/02 v1.6 sample color configuration
)
Package xcolor Info: Driver file: xetex.def on input line 225.

(/Users/danieldauber/Library/TinyTeX/texmf-dist/tex/latex/graphics-def/xetex.de
f
File: xetex.def 2021/03/18 v5.0k Graphics/color driver for xetex
)
Package xcolor Info: Model `cmy' substituted by `cmy0' on input line 1348.
Package xcolor Info: Model `RGB' extended on input line 1364.
Package xcolor Info: Model `HTML' substituted by `rgb' on input line 1366.
Package xcolor Info: Model `Hsb' substituted by `hsb' on input line 1367.
Package xcolor Info: Model `tHsb' substituted by `hsb' on input line 1368.
Package xcolor Info: Model `HSB' substituted by `hsb' on input line 1369.
Package xcolor Info: Model `Gray' substituted by `gray' on input line 1370.
Package xcolor Info: Model `wave' substituted by `hsb' on input line 1371.
)
(/Users/danieldauber/Library/TinyTeX/texmf-dist/tex/latex/hyperref/hyperref.sty
Package: hyperref 2021-06-07 v7.00m Hypertext links for LaTeX

(/Users/danieldauber/Library/TinyTeX/texmf-dist/tex/generic/ltxcmds/ltxcmds.sty
Package: ltxcmds 2020-05-10 v1.25 LaTeX kernel commands for general use (HO)
)
(/Users/danieldauber/Library/TinyTeX/texmf-dist/tex/generic/pdftexcmds/pdftexcm
ds.sty
Package: pdftexcmds 2020-06-27 v0.33 Utility functions of pdfTeX for LuaTeX (HO
)

(/Users/danieldauber/Library/TinyTeX/texmf-dist/tex/generic/infwarerr/infwarerr
.sty
Package: infwarerr 2019/12/03 v1.5 Providing info/warning/error messages (HO)
)
Package pdftexcmds Info: \pdf@primitive is available.
Package pdftexcmds Info: \pdf@ifprimitive is available.
Package pdftexcmds Info: \pdfdraftmode not found.
) (/Users/danieldauber/Library/TinyTeX/texmf-dist/tex/latex/graphics/keyval.sty
Package: keyval 2014/10/28 v1.15 key=value parser (DPC)
\KV@toks@=\toks21
)
(/Users/danieldauber/Library/TinyTeX/texmf-dist/tex/generic/kvsetkeys/kvsetkeys
.sty
Package: kvsetkeys 2019/12/15 v1.18 Key value parser (HO)
)
(/Users/danieldauber/Library/TinyTeX/texmf-dist/tex/generic/kvdefinekeys/kvdefi
nekeys.sty
Package: kvdefinekeys 2019-12-19 v1.6 Define keys (HO)
)
(/Users/danieldauber/Library/TinyTeX/texmf-dist/tex/generic/pdfescape/pdfescape
.sty
Package: pdfescape 2019/12/09 v1.15 Implements pdfTeX's escape features (HO)
) (/Users/danieldauber/Library/TinyTeX/texmf-dist/tex/latex/hycolor/hycolor.sty
Package: hycolor 2020-01-27 v1.10 Color options for hyperref/bookmark (HO)
)
(/Users/danieldauber/Library/TinyTeX/texmf-dist/tex/latex/letltxmacro/letltxmac
ro.sty
Package: letltxmacro 2019/12/03 v1.6 Let assignment for LaTeX macros (HO)
) (/Users/danieldauber/Library/TinyTeX/texmf-dist/tex/latex/auxhook/auxhook.sty
Package: auxhook 2019-12-17 v1.6 Hooks for auxiliary files (HO)
)
(/Users/danieldauber/Library/TinyTeX/texmf-dist/tex/latex/kvoptions/kvoptions.s
ty
Package: kvoptions 2020-10-07 v3.14 Key value format for package options (HO)
)
\@linkdim=\dimen151
\Hy@linkcounter=\count286
\Hy@pagecounter=\count287
(/Users/danieldauber/Library/TinyTeX/texmf-dist/tex/latex/hyperref/pd1enc.def
File: pd1enc.def 2021-06-07 v7.00m Hyperref: PDFDocEncoding definition (HO)
)
(/Users/danieldauber/Library/TinyTeX/texmf-dist/tex/latex/hyperref/hyperref-lan
gpatches.def
File: hyperref-langpatches.def 2021-06-07 v7.00m Hyperref: patches for babel la
nguages
)
(/Users/danieldauber/Library/TinyTeX/texmf-dist/tex/generic/intcalc/intcalc.sty
Package: intcalc 2019/12/15 v1.3 Expandable calculations with integers (HO)
)
(/Users/danieldauber/Library/TinyTeX/texmf-dist/tex/generic/etexcmds/etexcmds.s
ty
Package: etexcmds 2019/12/15 v1.7 Avoid name clashes with e-TeX commands (HO)
)
\Hy@SavedSpaceFactor=\count288
(/Users/danieldauber/Library/TinyTeX/texmf-dist/tex/latex/hyperref/puenc.def
File: puenc.def 2021-06-07 v7.00m Hyperref: PDF Unicode definition (HO)
)
Package hyperref Info: Option `unicode' set `true' on input line 4073.
Package hyperref Info: Hyper figures OFF on input line 4192.
Package hyperref Info: Link nesting OFF on input line 4197.
Package hyperref Info: Hyper index ON on input line 4200.
Package hyperref Info: Plain pages OFF on input line 4207.
Package hyperref Info: Backreferencing OFF on input line 4212.
Package hyperref Info: Implicit mode ON; LaTeX internals redefined.
Package hyperref Info: Bookmarks ON on input line 4445.
\c@Hy@tempcnt=\count289
(/Users/danieldauber/Library/TinyTeX/texmf-dist/tex/latex/url/url.sty
\Urlmuskip=\muskip18
Package: url 2013/09/16  ver 3.4  Verb mode for urls, etc.
)
LaTeX Info: Redefining \url on input line 4804.
\XeTeXLinkMargin=\dimen152
(/Users/danieldauber/Library/TinyTeX/texmf-dist/tex/generic/bitset/bitset.sty
Package: bitset 2019/12/09 v1.3 Handle bit-vector datatype (HO)

(/Users/danieldauber/Library/TinyTeX/texmf-dist/tex/generic/bigintcalc/bigintca
lc.sty
Package: bigintcalc 2019/12/15 v1.5 Expandable calculations on big integers (HO
)
))
\Fld@menulength=\count290
\Field@Width=\dimen153
\Fld@charsize=\dimen154
Package hyperref Info: Hyper figures OFF on input line 6076.
Package hyperref Info: Link nesting OFF on input line 6081.
Package hyperref Info: Hyper index ON on input line 6084.
Package hyperref Info: backreferencing OFF on input line 6091.
Package hyperref Info: Link coloring OFF on input line 6096.
Package hyperref Info: Link coloring with OCG OFF on input line 6101.
Package hyperref Info: PDF/A mode OFF on input line 6106.
LaTeX Info: Redefining \ref on input line 6146.
LaTeX Info: Redefining \pageref on input line 6150.

(/Users/danieldauber/Library/TinyTeX/texmf-dist/tex/latex/base/atbegshi-ltx.sty
Package: atbegshi-ltx 2021/01/10 v1.0c Emulation of the original atbegshi
package with kernel methods
)
\Hy@abspage=\count291
\c@Item=\count292
\c@Hfootnote=\count293
)
Package hyperref Info: Driver (autodetected): hxetex.
(/Users/danieldauber/Library/TinyTeX/texmf-dist/tex/latex/hyperref/hxetex.def
File: hxetex.def 2021-06-07 v7.00m Hyperref driver for XeTeX

(/Users/danieldauber/Library/TinyTeX/texmf-dist/tex/generic/stringenc/stringenc
.sty
Package: stringenc 2019/11/29 v1.12 Convert strings between diff. encodings (HO
)
)
\pdfm@box=\box53
\c@Hy@AnnotLevel=\count294
\HyField@AnnotCount=\count295
\Fld@listcount=\count296
\c@bookmark@seq@number=\count297

(/Users/danieldauber/Library/TinyTeX/texmf-dist/tex/latex/rerunfilecheck/rerunf
ilecheck.sty
Package: rerunfilecheck 2019/12/05 v1.9 Rerun checks for auxiliary files (HO)

(/Users/danieldauber/Library/TinyTeX/texmf-dist/tex/latex/base/atveryend-ltx.st
y
Package: atveryend-ltx 2020/08/19 v1.0a Emulation of the original atvery packag
e
with kernel methods
)
(/Users/danieldauber/Library/TinyTeX/texmf-dist/tex/generic/uniquecounter/uniqu
ecounter.sty
Package: uniquecounter 2019/12/15 v1.4 Provide unlimited unique counter (HO)
)
Package uniquecounter Info: New unique counter `rerunfilecheck' on input line 2
86.
)
\Hy@SectionHShift=\skip52
)
(/Users/danieldauber/Library/TinyTeX/texmf-dist/tex/latex/fancyvrb/fancyvrb.sty
Package: fancyvrb 2021/01/20 v3.7 verbatim text (tvz,hv)
\FV@CodeLineNo=\count298
\FV@InFile=\read2
\FV@TabBox=\box54
\c@FancyVerbLine=\count299
\FV@StepNumber=\count300
\FV@OutFile=\write3
) (/Users/danieldauber/Library/TinyTeX/texmf-dist/tex/latex/framed/framed.sty
Package: framed 2011/10/22 v 0.96: framed or shaded text with page breaks
\OuterFrameSep=\skip53
\fb@frw=\dimen155
\fb@frh=\dimen156
\FrameRule=\dimen157
\FrameSep=\dimen158
) (/Users/danieldauber/Library/TinyTeX/texmf-dist/tex/latex/tools/longtable.sty
Package: longtable 2021-05-07 v4.16 Multi-page Table package (DPC)
\LTleft=\skip54
\LTright=\skip55
\LTpre=\skip56
\LTpost=\skip57
\LTchunksize=\count301
\LTcapwidth=\dimen159
\LT@head=\box55
\LT@firsthead=\box56
\LT@foot=\box57
\LT@lastfoot=\box58
\LT@gbox=\box59
\LT@cols=\count302
\LT@rows=\count303
\c@LT@tables=\count304
\c@LT@chunks=\count305
\LT@p@ftn=\toks22
)
(/Users/danieldauber/Library/TinyTeX/texmf-dist/tex/latex/booktabs/booktabs.sty
Package: booktabs 2020/01/12 v1.61803398 Publication quality tables
\heavyrulewidth=\dimen160
\lightrulewidth=\dimen161
\cmidrulewidth=\dimen162
\belowrulesep=\dimen163
\belowbottomsep=\dimen164
\aboverulesep=\dimen165
\abovetopsep=\dimen166
\cmidrulesep=\dimen167
\cmidrulekern=\dimen168
\defaultaddspace=\dimen169
\@cmidla=\count306
\@cmidlb=\count307
\@aboverulesep=\dimen170
\@belowrulesep=\dimen171
\@thisruleclass=\count308
\@lastruleclass=\count309
\@thisrulewidth=\dimen172
) (/Users/danieldauber/Library/TinyTeX/texmf-dist/tex/latex/tools/array.sty
Package: array 2021/04/20 v2.5e Tabular extension package (FMi)
\col@sep=\dimen173
\ar@mcellbox=\box60
\extrarowheight=\dimen174
\NC@list=\toks23
\extratabsurround=\skip58
\backup@length=\skip59
\ar@cellbox=\box61
) (/Users/danieldauber/Library/TinyTeX/texmf-dist/tex/latex/tools/calc.sty
Package: calc 2017/05/25 v4.3 Infix arithmetic (KKT,FJ)
\calc@Acount=\count310
\calc@Bcount=\count311
\calc@Adimen=\dimen175
\calc@Bdimen=\dimen176
\calc@Askip=\skip60
\calc@Bskip=\skip61
LaTeX Info: Redefining \setlength on input line 80.
LaTeX Info: Redefining \addtolength on input line 81.
\calc@Ccount=\count312
\calc@Cskip=\skip62
)
(/Users/danieldauber/Library/TinyTeX/texmf-dist/tex/latex/etoolbox/etoolbox.sty
Package: etoolbox 2020/10/05 v2.5k e-TeX tools for LaTeX (JAW)
\etb@tempcnta=\count313
)
(/Users/danieldauber/Library/TinyTeX/texmf-dist/tex/latex/mdwtools/footnote.sty
Package: footnote 1997/01/28 1.13 Save footnotes around boxes
\fn@notes=\box62
\fn@width=\dimen177
)
(/Users/danieldauber/Library/TinyTeX/texmf-dist/tex/latex/graphics/graphicx.sty
Package: graphicx 2020/12/05 v1.2c Enhanced LaTeX Graphics (DPC,SPQR)

(/Users/danieldauber/Library/TinyTeX/texmf-dist/tex/latex/graphics/graphics.sty
Package: graphics 2021/03/04 v1.4d Standard LaTeX Graphics (DPC,SPQR)
(/Users/danieldauber/Library/TinyTeX/texmf-dist/tex/latex/graphics/trig.sty
Package: trig 2016/01/03 v1.10 sin cos tan (DPC)
)
(/Users/danieldauber/Library/TinyTeX/texmf-dist/tex/latex/graphics-cfg/graphics
.cfg
File: graphics.cfg 2016/06/04 v1.11 sample graphics configuration
)
Package graphics Info: Driver file: xetex.def on input line 107.
)
\Gin@req@height=\dimen178
\Gin@req@width=\dimen179
) (/Users/danieldauber/Library/TinyTeX/texmf-dist/tex/latex/natbib/natbib.sty
Package: natbib 2010/09/13 8.31b (PWD, AO)
\bibhang=\skip63
\bibsep=\skip64
LaTeX Info: Redefining \cite on input line 694.
\c@NAT@ctr=\count314
) (./r_for_non_programmers.aux)
\openout1 = `r_for_non_programmers.aux'.

LaTeX Font Info:    Checking defaults for OML/cmm/m/it on input line 122.
LaTeX Font Info:    ... okay on input line 122.
LaTeX Font Info:    Checking defaults for OMS/cmsy/m/n on input line 122.
LaTeX Font Info:    ... okay on input line 122.
LaTeX Font Info:    Checking defaults for OT1/cmr/m/n on input line 122.
LaTeX Font Info:    ... okay on input line 122.
LaTeX Font Info:    Checking defaults for T1/cmr/m/n on input line 122.
LaTeX Font Info:    ... okay on input line 122.
LaTeX Font Info:    Checking defaults for TS1/cmr/m/n on input line 122.
LaTeX Font Info:    ... okay on input line 122.
LaTeX Font Info:    Checking defaults for TU/lmr/m/n on input line 122.
LaTeX Font Info:    ... okay on input line 122.
LaTeX Font Info:    Checking defaults for OMX/cmex/m/n on input line 122.
LaTeX Font Info:    ... okay on input line 122.
LaTeX Font Info:    Checking defaults for U/cmr/m/n on input line 122.
LaTeX Font Info:    ... okay on input line 122.
LaTeX Font Info:    Checking defaults for PD1/pdf/m/n on input line 122.
LaTeX Font Info:    ... okay on input line 122.
LaTeX Font Info:    Checking defaults for PU/pdf/m/n on input line 122.
LaTeX Font Info:    ... okay on input line 122.
LaTeX Font Info:    Overwriting math alphabet `\mathrm' in version `normal'
(Font)                  OT1/lmr/m/n --> TU/lmr/m/n on input line 122.
LaTeX Font Info:    Overwriting math alphabet `\mathit' in version `normal'
(Font)                  OT1/lmr/m/it --> TU/lmr/m/it on input line 122.
LaTeX Font Info:    Overwriting math alphabet `\mathbf' in version `normal'
(Font)                  OT1/lmr/bx/n --> TU/lmr/bx/n on input line 122.
LaTeX Font Info:    Overwriting math alphabet `\mathsf' in version `normal'
(Font)                  OT1/lmss/m/n --> TU/lmss/m/n on input line 122.
LaTeX Font Info:    Overwriting math alphabet `\mathsf' in version `bold'
(Font)                  OT1/lmss/bx/n --> TU/lmss/bx/n on input line 122.
LaTeX Font Info:    Overwriting math alphabet `\mathtt' in version `normal'
(Font)                  OT1/lmtt/m/n --> TU/lmtt/m/n on input line 122.
LaTeX Font Info:    Overwriting math alphabet `\mathtt' in version `bold'
(Font)                  OT1/lmtt/m/n --> TU/lmtt/bx/n on input line 122.

Package fontspec Info: latinmodern-math scale = 0.9999964596882403.


Package fontspec Info: latinmodern-math scale = 0.9999964596882403.


Package fontspec Info: latinmodern-math scale = 0.9999964596882403.


Package fontspec Info: Font family 'latinmodern-math.otf(0)' created for font
(fontspec)             'latinmodern-math.otf' with options
(fontspec)             [Scale=MatchLowercase,BoldItalicFont={},ItalicFont={},Sm
allCapsFont={},Script=Math,BoldFont={latinmodern-math.otf}].
(fontspec)              
(fontspec)              This font family consists of the following NFSS
(fontspec)             series/shapes:
(fontspec)              
(fontspec)             - 'normal' (m/n) with NFSS spec.:
(fontspec)             <->s*[0.9999964596882403]"[latinmodern-math.otf]/OT:scri
pt=math;language=dflt;"
(fontspec)             - 'small caps'  (m/sc) with NFSS spec.: 
(fontspec)             - 'bold' (b/n) with NFSS spec.:
(fontspec)             <->s*[0.9999964596882403]"[latinmodern-math.otf]/OT:scri
pt=math;language=dflt;"
(fontspec)             - 'bold small caps'  (b/sc) with NFSS spec.: 

LaTeX Font Info:    Font shape `TU/latinmodern-math.otf(0)/m/n' will be
(Font)              scaled to size 10.0pt on input line 122.

Package fontspec Info: latinmodern-math scale = 0.9999964596882403.


Package fontspec Info: latinmodern-math scale = 0.9999964596882403.


Package fontspec Info: latinmodern-math scale = 0.9999964596882403.


Package fontspec Info: latinmodern-math scale = 0.9999964596882403.


Package fontspec Info: latinmodern-math scale = 0.9999964596882403.


Package fontspec Info: Font family 'latinmodern-math.otf(1)' created for font
(fontspec)             'latinmodern-math.otf' with options
(fontspec)             [Scale=MatchLowercase,BoldItalicFont={},ItalicFont={},Sm
allCapsFont={},Script=Math,SizeFeatures={{Size=8.5-},{Size=6-8.5,Font=latinmode
rn-math.otf,Style=MathScript},{Size=-6,Font=latinmodern-math.otf,Style=MathScri
ptScript}},BoldFont={latinmodern-math.otf}].
(fontspec)              
(fontspec)              This font family consists of the following NFSS
(fontspec)             series/shapes:
(fontspec)              
(fontspec)             - 'normal' (m/n) with NFSS spec.:
(fontspec)             <8.5->s*[0.9999964596882403]"[latinmodern-math.otf]/OT:s
cript=math;language=dflt;"<6-8.5>s*[0.9999964596882403]"[latinmodern-math.otf]/
OT:script=math;language=dflt;+ssty=0;"<-6>s*[0.9999964596882403]"[latinmodern-m
ath.otf]/OT:script=math;language=dflt;+ssty=1;"
(fontspec)             - 'small caps'  (m/sc) with NFSS spec.: 
(fontspec)             - 'bold' (b/n) with NFSS spec.:
(fontspec)             <->s*[0.9999964596882403]"[latinmodern-math.otf]/OT:scri
pt=math;language=dflt;"
(fontspec)             - 'bold small caps'  (b/sc) with NFSS spec.: 

LaTeX Font Info:    Font shape `TU/latinmodern-math.otf(1)/m/n' will be
(Font)              scaled to size 10.0pt on input line 122.
LaTeX Font Info:    Encoding `OT1' has changed to `TU' for symbol font
(Font)              `operators' in the math version `normal' on input line 122.

LaTeX Font Info:    Overwriting symbol font `operators' in version `normal'
(Font)                  OT1/lmr/m/n --> TU/latinmodern-math.otf(1)/m/n on input
 line 122.
LaTeX Font Info:    Encoding `OT1' has changed to `TU' for symbol font
(Font)              `operators' in the math version `bold' on input line 122.
LaTeX Font Info:    Overwriting symbol font `operators' in version `bold'
(Font)                  OT1/lmr/bx/n --> TU/latinmodern-math.otf(1)/b/n on inpu
t line 122.

Package fontspec Info: latinmodern-math scale = 0.9999964596882403.


Package fontspec Info: latinmodern-math scale = 1.000096459334209.


Package fontspec Info: latinmodern-math scale = 0.9999964596882403.


Package fontspec Info: latinmodern-math scale = 1.000096459334209.


Package fontspec Info: latinmodern-math scale = 0.9999964596882403.


Package fontspec Info: latinmodern-math scale = 1.000096459334209.


Package fontspec Info: latinmodern-math scale = 0.9999964596882403.


Package fontspec Info: latinmodern-math scale = 1.000096459334209.


Package fontspec Info: latinmodern-math scale = 0.9999964596882403.


Package fontspec Info: latinmodern-math scale = 1.000096459334209.


Package fontspec Info: Font family 'latinmodern-math.otf(2)' created for font
(fontspec)             'latinmodern-math.otf' with options
(fontspec)             [Scale=MatchLowercase,BoldItalicFont={},ItalicFont={},Sm
allCapsFont={},Script=Math,SizeFeatures={{Size=8.5-},{Size=6-8.5,Font=latinmode
rn-math.otf,Style=MathScript},{Size=-6,Font=latinmodern-math.otf,Style=MathScri
ptScript}},BoldFont={latinmodern-math.otf},ScaleAgain=1.0001,FontAdjustment={\f
ontdimen
(fontspec)             8\font =6.77pt\relax \fontdimen 9\font =3.94pt\relax
(fontspec)             \fontdimen 10\font =4.44pt\relax \fontdimen 11\font
(fontspec)             =6.86pt\relax \fontdimen 12\font =3.45pt\relax
(fontspec)             \fontdimen 13\font =3.63pt\relax \fontdimen 14\font
(fontspec)             =3.63pt\relax \fontdimen 15\font =2.89pt\relax
(fontspec)             \fontdimen 16\font =2.47pt\relax \fontdimen 17\font
(fontspec)             =2.47pt\relax \fontdimen 18\font =2.5pt\relax
(fontspec)             \fontdimen 19\font =2.0pt\relax \fontdimen 22\font
(fontspec)             =2.5pt\relax \fontdimen 20\font =0pt\relax \fontdimen
(fontspec)             21\font =0pt\relax }].
(fontspec)              
(fontspec)              This font family consists of the following NFSS
(fontspec)             series/shapes:
(fontspec)              
(fontspec)             - 'normal' (m/n) with NFSS spec.:
(fontspec)             <8.5->s*[1.000096459334209]"[latinmodern-math.otf]/OT:sc
ript=math;language=dflt;"<6-8.5>s*[1.000096459334209]"[latinmodern-math.otf]/OT
:script=math;language=dflt;+ssty=0;"<-6>s*[1.000096459334209]"[latinmodern-math
.otf]/OT:script=math;language=dflt;+ssty=1;"
(fontspec)             - 'small caps'  (m/sc) with NFSS spec.: 
(fontspec)             and font adjustment code:
(fontspec)             \fontdimen 8\font =6.77pt\relax \fontdimen 9\font
(fontspec)             =3.94pt\relax \fontdimen 10\font =4.44pt\relax
(fontspec)             \fontdimen 11\font =6.86pt\relax \fontdimen 12\font
(fontspec)             =3.45pt\relax \fontdimen 13\font =3.63pt\relax
(fontspec)             \fontdimen 14\font =3.63pt\relax \fontdimen 15\font
(fontspec)             =2.89pt\relax \fontdimen 16\font =2.47pt\relax
(fontspec)             \fontdimen 17\font =2.47pt\relax \fontdimen 18\font
(fontspec)             =2.5pt\relax \fontdimen 19\font =2.0pt\relax \fontdimen
(fontspec)             22\font =2.5pt\relax \fontdimen 20\font =0pt\relax
(fontspec)             \fontdimen 21\font =0pt\relax 
(fontspec)             - 'bold' (b/n) with NFSS spec.:
(fontspec)             <->s*[1.000096459334209]"[latinmodern-math.otf]/OT:scrip
t=math;language=dflt;"
(fontspec)             - 'bold small caps'  (b/sc) with NFSS spec.: 
(fontspec)             and font adjustment code:
(fontspec)             \fontdimen 8\font =6.77pt\relax \fontdimen 9\font
(fontspec)             =3.94pt\relax \fontdimen 10\font =4.44pt\relax
(fontspec)             \fontdimen 11\font =6.86pt\relax \fontdimen 12\font
(fontspec)             =3.45pt\relax \fontdimen 13\font =3.63pt\relax
(fontspec)             \fontdimen 14\font =3.63pt\relax \fontdimen 15\font
(fontspec)             =2.89pt\relax \fontdimen 16\font =2.47pt\relax
(fontspec)             \fontdimen 17\font =2.47pt\relax \fontdimen 18\font
(fontspec)             =2.5pt\relax \fontdimen 19\font =2.0pt\relax \fontdimen
(fontspec)             22\font =2.5pt\relax \fontdimen 20\font =0pt\relax
(fontspec)             \fontdimen 21\font =0pt\relax 

LaTeX Font Info:    Encoding `OMS' has changed to `TU' for symbol font
(Font)              `symbols' in the math version `normal' on input line 122.
LaTeX Font Info:    Overwriting symbol font `symbols' in version `normal'
(Font)                  OMS/lmsy/m/n --> TU/latinmodern-math.otf(2)/m/n on inpu
t line 122.
LaTeX Font Info:    Encoding `OMS' has changed to `TU' for symbol font
(Font)              `symbols' in the math version `bold' on input line 122.
LaTeX Font Info:    Overwriting symbol font `symbols' in version `bold'
(Font)                  OMS/lmsy/b/n --> TU/latinmodern-math.otf(2)/b/n on inpu
t line 122.

Package fontspec Info: latinmodern-math scale = 0.9999964596882403.


Package fontspec Info: latinmodern-math scale = 0.9998964600422715.


Package fontspec Info: latinmodern-math scale = 0.9999964596882403.


Package fontspec Info: latinmodern-math scale = 0.9998964600422715.


Package fontspec Info: latinmodern-math scale = 0.9999964596882403.


Package fontspec Info: latinmodern-math scale = 0.9998964600422715.


Package fontspec Info: latinmodern-math scale = 0.9999964596882403.


Package fontspec Info: latinmodern-math scale = 0.9998964600422715.


Package fontspec Info: latinmodern-math scale = 0.9999964596882403.


Package fontspec Info: latinmodern-math scale = 0.9998964600422715.


Package fontspec Info: Font family 'latinmodern-math.otf(3)' created for font
(fontspec)             'latinmodern-math.otf' with options
(fontspec)             [Scale=MatchLowercase,BoldItalicFont={},ItalicFont={},Sm
allCapsFont={},Script=Math,SizeFeatures={{Size=8.5-},{Size=6-8.5,Font=latinmode
rn-math.otf,Style=MathScript},{Size=-6,Font=latinmodern-math.otf,Style=MathScri
ptScript}},BoldFont={latinmodern-math.otf},ScaleAgain=0.9999,FontAdjustment={\f
ontdimen
(fontspec)             8\font =0.4pt\relax \fontdimen 9\font =2.0pt\relax
(fontspec)             \fontdimen 10\font =1.67pt\relax \fontdimen 11\font
(fontspec)             =1.11pt\relax \fontdimen 12\font =6.0pt\relax
(fontspec)             \fontdimen 13\font =0pt\relax }].
(fontspec)              
(fontspec)              This font family consists of the following NFSS
(fontspec)             series/shapes:
(fontspec)              
(fontspec)             - 'normal' (m/n) with NFSS spec.:
(fontspec)             <8.5->s*[0.9998964600422715]"[latinmodern-math.otf]/OT:s
cript=math;language=dflt;"<6-8.5>s*[0.9998964600422715]"[latinmodern-math.otf]/
OT:script=math;language=dflt;+ssty=0;"<-6>s*[0.9998964600422715]"[latinmodern-m
ath.otf]/OT:script=math;language=dflt;+ssty=1;"
(fontspec)             - 'small caps'  (m/sc) with NFSS spec.: 
(fontspec)             and font adjustment code:
(fontspec)             \fontdimen 8\font =0.4pt\relax \fontdimen 9\font
(fontspec)             =2.0pt\relax \fontdimen 10\font =1.67pt\relax
(fontspec)             \fontdimen 11\font =1.11pt\relax \fontdimen 12\font
(fontspec)             =6.0pt\relax \fontdimen 13\font =0pt\relax 
(fontspec)             - 'bold' (b/n) with NFSS spec.:
(fontspec)             <->s*[0.9998964600422715]"[latinmodern-math.otf]/OT:scri
pt=math;language=dflt;"
(fontspec)             - 'bold small caps'  (b/sc) with NFSS spec.: 
(fontspec)             and font adjustment code:
(fontspec)             \fontdimen 8\font =0.4pt\relax \fontdimen 9\font
(fontspec)             =2.0pt\relax \fontdimen 10\font =1.67pt\relax
(fontspec)             \fontdimen 11\font =1.11pt\relax \fontdimen 12\font
(fontspec)             =6.0pt\relax \fontdimen 13\font =0pt\relax 

LaTeX Font Info:    Encoding `OMX' has changed to `TU' for symbol font
(Font)              `largesymbols' in the math version `normal' on input line 1
22.
LaTeX Font Info:    Overwriting symbol font `largesymbols' in version `normal'
(Font)                  OMX/lmex/m/n --> TU/latinmodern-math.otf(3)/m/n on inpu
t line 122.
LaTeX Font Info:    Encoding `OMX' has changed to `TU' for symbol font
(Font)              `largesymbols' in the math version `bold' on input line 122
.
LaTeX Font Info:    Overwriting symbol font `largesymbols' in version `bold'
(Font)                  OMX/lmex/m/n --> TU/latinmodern-math.otf(3)/b/n on inpu
t line 122.
Package hyperref Info: Link coloring OFF on input line 122.
(/Users/danieldauber/Library/TinyTeX/texmf-dist/tex/latex/hyperref/nameref.sty
Package: nameref 2021-04-02 v2.47 Cross-referencing by name of section

(/Users/danieldauber/Library/TinyTeX/texmf-dist/tex/latex/refcount/refcount.sty
Package: refcount 2019/12/15 v3.6 Data extraction from label references (HO)
)
(/Users/danieldauber/Library/TinyTeX/texmf-dist/tex/generic/gettitlestring/gett
itlestring.sty
Package: gettitlestring 2019/12/15 v1.6 Cleanup title references (HO)
)
\c@section@level=\count315
)
LaTeX Info: Redefining \ref on input line 122.
LaTeX Info: Redefining \pageref on input line 122.
LaTeX Info: Redefining \nameref on input line 122.
(./r_for_non_programmers.out) (./r_for_non_programmers.out)
\@outlinefile=\write4
\openout4 = `r_for_non_programmers.out'.

LaTeX Font Info:    Font shape `TU/latinmodern-math.otf(1)/m/n' will be
(Font)              scaled to size 12.0pt on input line 124.
LaTeX Font Info:    Font shape `TU/latinmodern-math.otf(1)/m/n' will be
(Font)              scaled to size 8.0pt on input line 124.
LaTeX Font Info:    Font shape `TU/latinmodern-math.otf(1)/m/n' will be
(Font)              scaled to size 6.0pt on input line 124.
LaTeX Font Info:    Trying to load font information for OML+lmm on input line 1
24.
(/Users/danieldauber/Library/TinyTeX/texmf-dist/tex/latex/lm/omllmm.fd
File: omllmm.fd 2015/05/01 v1.6.1 Font defs for Latin Modern
)
LaTeX Font Info:    Font shape `TU/latinmodern-math.otf(2)/m/n' will be
(Font)              scaled to size 12.0011pt on input line 124.
LaTeX Font Info:    Font shape `TU/latinmodern-math.otf(2)/m/n' will be
(Font)              scaled to size 8.00073pt on input line 124.
LaTeX Font Info:    Font shape `TU/latinmodern-math.otf(2)/m/n' will be
(Font)              scaled to size 6.00055pt on input line 124.
LaTeX Font Info:    Font shape `TU/latinmodern-math.otf(3)/m/n' will be
(Font)              scaled to size 11.99872pt on input line 124.
LaTeX Font Info:    Font shape `TU/latinmodern-math.otf(3)/m/n' will be
(Font)              scaled to size 7.99915pt on input line 124.
LaTeX Font Info:    Font shape `TU/latinmodern-math.otf(3)/m/n' will be
(Font)              scaled to size 5.99936pt on input line 124.
LaTeX Font Info:    Trying to load font information for U+msa on input line 124
.
(/Users/danieldauber/Library/TinyTeX/texmf-dist/tex/latex/amsfonts/umsa.fd
File: umsa.fd 2013/01/14 v3.01 AMS symbols A
)
LaTeX Font Info:    Trying to load font information for U+msb on input line 124
.
(/Users/danieldauber/Library/TinyTeX/texmf-dist/tex/latex/amsfonts/umsb.fd
File: umsb.fd 2013/01/14 v3.01 AMS symbols B
) [1


] [2

] (./r_for_non_programmers.toc
Missing character: There is no 👋 (U+1F44B) in font [lmroman10-bold]:mapping=tex
-text;!
Missing character: There is no 🙏 (U+1F64F) in font [lmroman10-bold]:mapping=tex
-text;!
LaTeX Font Info:    Font shape `TU/lmtt/bx/n' in size <10> not available
(Font)              Font shape `TU/lmtt/b/n' tried instead on input line 3.
LaTeX Font Info:    Font shape `TU/latinmodern-math.otf(1)/m/n' will be
(Font)              scaled to size 7.0pt on input line 4.
LaTeX Font Info:    Font shape `TU/latinmodern-math.otf(1)/m/n' will be
(Font)              scaled to size 5.0pt on input line 4.
LaTeX Font Info:    Font shape `TU/latinmodern-math.otf(2)/m/n' will be
(Font)              scaled to size 10.00092pt on input line 4.
LaTeX Font Info:    Font shape `TU/latinmodern-math.otf(2)/m/n' will be
(Font)              scaled to size 7.00064pt on input line 4.
LaTeX Font Info:    Font shape `TU/latinmodern-math.otf(2)/m/n' will be
(Font)              scaled to size 5.00046pt on input line 4.
LaTeX Font Info:    Font shape `TU/latinmodern-math.otf(3)/m/n' will be
(Font)              scaled to size 9.99893pt on input line 4.
LaTeX Font Info:    Font shape `TU/latinmodern-math.otf(3)/m/n' will be
(Font)              scaled to size 6.99925pt on input line 4.
LaTeX Font Info:    Font shape `TU/latinmodern-math.otf(3)/m/n' will be
(Font)              scaled to size 4.99947pt on input line 4.
[3] [4]

LaTeX Warning: Reference `exercises' on page 5 undefined on input line 61.

)
\tf@toc=\write5
\openout5 = `r_for_non_programmers.toc'.

[5] [6

]
Missing character: There is no 👋 (U+1F44B) in font [lmroman12-bold]:mapping=tex
-text;!
File: images/chapter_00_img/r_for_non_programmers_logo.png Graphic file (type b
mp)
<images/chapter_00_img/r_for_non_programmers_logo.png>
[7] [8

]
Missing character: There is no 🙏 (U+1F64F) in font [lmroman12-bold]:mapping=tex
-text;!
[9] [10

]
Chapter 1.
LaTeX Font Info:    Font shape `TU/lmtt/bx/n' in size <24.88> not available
(Font)              Font shape `TU/lmtt/b/n' tried instead on input line 146.
[11] [12

]
Chapter 2.
[13]
Overfull \hbox (83.88232pt too wide) has occurred while \output is active
\TU/lmr/m/n/10 14 \TU/lmr/m/sl/10 CHAPTER 2.  WHY LEARN A PROGRAMMING LANGUAGE 
AS A NON-PROGRAMMER?
 []

[14]
Underfull \hbox (badness 1484) in paragraph at lines 219--219
\TU/lmr/bx/n/14.4 help you learn other programming lan-
 []


Overfull \hbox (170.27684pt too wide) has occurred while \output is active
\TU/lmr/m/sl/10 2.3.  PROGRAMMING LANGUAGES ALLOW YOU TO LOOK AT YOUR DATA FROM
 A DIFFERENT ANGLE \TU/lmr/m/n/10 15
 []

[15]
Overfull \hbox (83.88232pt too wide) has occurred while \output is active
\TU/lmr/m/n/10 16 \TU/lmr/m/sl/10 CHAPTER 2.  WHY LEARN A PROGRAMMING LANGUAGE 
AS A NON-PROGRAMMER?
 []

[16

]
Chapter 3.
File: images/chapter_03_img/r_project/00_r_project_page.png Graphic file (type 
bmp)
<images/chapter_03_img/r_project/00_r_project_page.png>
[17]
File: images/chapter_03_img/r_project/01_r_project_cran_mirror.png Graphic file
 (type bmp)
<images/chapter_03_img/r_project/01_r_project_cran_mirror.png>
File: images/chapter_03_img/r_project/02_r_project_os_choice.png Graphic file (
type bmp)
<images/chapter_03_img/r_project/02_r_project_os_choice.png>

Underfull \vbox (badness 10000) has occurred while \output is active []

[18]
File: images/chapter_03_img/r_project/03_r_project_version_choice.png Graphic f
ile (type bmp)
<images/chapter_03_img/r_project/03_r_project_version_choice.png>
[19]
File: images/chapter_03_img/rstudio/01_rstudio_main_page.png Graphic file (type
 bmp)
<images/chapter_03_img/rstudio/01_rstudio_main_page.png>
File: images/chapter_03_img/rstudio/02_rstudio_main_page_menu.png Graphic file 
(type bmp)
<images/chapter_03_img/rstudio/02_rstudio_main_page_menu.png>
File: images/chapter_03_img/rstudio/03_rstudio_select_version.png Graphic file 
(type bmp)
<images/chapter_03_img/rstudio/03_rstudio_select_version.png>

Underfull \vbox (badness 2452) has occurred while \output is active []

[20]
File: images/chapter_03_img/rstudio/04_rstudio_select_edition.png Graphic file 
(type bmp)
<images/chapter_03_img/rstudio/04_rstudio_select_edition.png>
File: images/chapter_03_img/rstudio/05_rstudio_download.png Graphic file (type 
bmp)
<images/chapter_03_img/rstudio/05_rstudio_download.png>

Underfull \vbox (badness 10000) has occurred while \output is active []

[21]
Missing character: There is no ⌘ (U+2318) in font [lmmono10-regular]:!
File: images/chapter_03_img/rstudio_preferences/00_rstudio_preferences_editing.
png Graphic file (type bmp)
<images/chapter_03_img/rstudio_preferences/00_rstudio_preferences_editing.png>

Underfull \vbox (badness 6445) has occurred while \output is active []

[22]
File: images/chapter_03_img/rstudio_preferences/01_rstudio_preferences_display.
png Graphic file (type bmp)
<images/chapter_03_img/rstudio_preferences/01_rstudio_preferences_display.png>
File: images/chapter_03_img/rstudio_preferences/02_rstudio_preferences_appearan
ce.png Graphic file (type bmp)
<images/chapter_03_img/rstudio_preferences/02_rstudio_preferences_appearance.pn
g>

Underfull \vbox (badness 10000) has occurred while \output is active []

[23] [24]
Chapter 4.
Missing character: There is no ↵ (U+21B5) in font [lmmono10-regular]:!
Missing character: There is no 👇 (U+1F447) in font [lmmono10-italic]:!

LaTeX Font Warning: Font shape `TU/lmtt/bx/it' in size <10> not available
(Font)              Font shape `TU/lmtt/b/sl' tried instead on input line 372.

[25

]
File: images/chapter_04_img/02_console_window/console_algebra.png Graphic file 
(type bmp)
<images/chapter_04_img/02_console_window/console_algebra.png>
[26]
File: images/chapter_04_img/03_source_window/01_rstudio_source.png Graphic file
 (type bmp)
<images/chapter_04_img/03_source_window/01_rstudio_source.png>

Overfull \hbox (42.26453pt too wide) has occurred while \output is active
\TU/lmr/m/sl/10 4.3.  THE ENVIRONMENT / HISTORY / CONNECTIONS / TUTORIAL WINDOW
 \TU/lmr/m/n/10 27
 []

[27]
File: images/chapter_04_img/04_environment_history_etc/01_rstudio_environment.p
ng Graphic file (type bmp)
<images/chapter_04_img/04_environment_history_etc/01_rstudio_environment.png>
Missing character: There is no ↵ (U+21B5) in font [lmmono10-regular]:!
File: images/chapter_04_img/04_environment_history_etc/02_rstudio_history.png G
raphic file (type bmp)
<images/chapter_04_img/04_environment_history_etc/02_rstudio_history.png>

Underfull \vbox (badness 10000) has occurred while \output is active []

[28]
File: images/chapter_04_img/04_environment_history_etc/03_rstudio_connections.p
ng Graphic file (type bmp)
<images/chapter_04_img/04_environment_history_etc/03_rstudio_connections.png>
File: images/chapter_04_img/04_environment_history_etc/04_rstudio_tutorial.png 
Graphic file (type bmp)
<images/chapter_04_img/04_environment_history_etc/04_rstudio_tutorial.png>

Underfull \vbox (badness 10000) has occurred while \output is active []


Overfull \hbox (42.26453pt too wide) has occurred while \output is active
\TU/lmr/m/sl/10 4.3.  THE ENVIRONMENT / HISTORY / CONNECTIONS / TUTORIAL WINDOW
 \TU/lmr/m/n/10 29
 []

[29]
File: images/chapter_04_img/05_files_plots_etc/01_rstudio_files.png Graphic fil
e (type bmp)
<images/chapter_04_img/05_files_plots_etc/01_rstudio_files.png>

Underfull \vbox (badness 10000) has occurred while \output is active []

[30]
File: r_for_non_programmers_files/figure-latex/Simple boxplot-1.pdf Graphic fil
e (type pdf)
<use r_for_non_programmers_files/figure-latex/Simple boxplot-1.pdf>
[31]
File: images/chapter_04_img/05_files_plots_etc/02_rstudio_plots.png Graphic fil
e (type bmp)
<images/chapter_04_img/05_files_plots_etc/02_rstudio_plots.png>
File: images/chapter_04_img/05_files_plots_etc/03_rstudio_packages.png Graphic 
file (type bmp)
<images/chapter_04_img/05_files_plots_etc/03_rstudio_packages.png>

Underfull \vbox (badness 10000) has occurred while \output is active []

[32]
File: images/chapter_04_img/05_files_plots_etc/04_rstudio_help.png Graphic file
 (type bmp)
<images/chapter_04_img/05_files_plots_etc/04_rstudio_help.png>
[33]
File: images/chapter_04_img/05_files_plots_etc/04_rstudio_help_mtcars.png Graph
ic file (type bmp)
<images/chapter_04_img/05_files_plots_etc/04_rstudio_help_mtcars.png>
File: images/chapter_04_img/05_files_plots_etc/05_rstudio_viewer.png Graphic fi
le (type bmp)
<images/chapter_04_img/05_files_plots_etc/05_rstudio_viewer.png>

Underfull \vbox (badness 1014) has occurred while \output is active []

[34]
Missing character: There is no ⌘ (U+2318) in font [lmmono10-regular]:!
[35] [36

]
Chapter 5.
[37] [38] [39]
Missing character: There is no ↵ (U+21B5) in font [lmmono10-regular]:!
[40]
Underfull \hbox (badness 6252) in paragraph at lines 712--713
\TU/lmtt/m/n/10 (milestones_of_my_life <- c(1982, 2006, 2011, 2018, 2020)) \TU/
lmr/m/n/10 is the
 []


Underfull \hbox (badness 6944) in paragraph at lines 712--713
\TU/lmr/m/n/10 same as \TU/lmtt/m/n/10 milestones_of_my_life <- c(1982, 2006, 2
011, 2018, 2020)
 []

File: images/chapter_05_img/01_basic_computation_environment_objects.png Graphi
c file (type bmp)
<images/chapter_05_img/01_basic_computation_environment_objects.png>

Underfull \vbox (badness 10000) has occurred while \output is active []

[41] [42]
File: images/chapter_05_img/02_basic_computation_environment_lists.png Graphic 
file (type bmp)
<images/chapter_05_img/02_basic_computation_environment_lists.png>

Overfull \hbox (686.98956pt too wide) in paragraph at lines 772--775
[]\TU/lmr/m/n/10 \begin{figure} []
 []


Underfull \vbox (badness 10000) has occurred while \output is active []

[43] [44] [45] [46] [47]
File: images/chapter_05_img/r_package_documentation.png Graphic file (type bmp)

<images/chapter_05_img/r_package_documentation.png>

Overfull \hbox (357.08545pt too wide) in paragraph at lines 911--911
[][] 
 []


LaTeX Warning: Float too large for page by 24.06165pt on input line 912.

LaTeX Font Info:    Font shape `TU/lmtt/bx/n' in size <12> not available
(Font)              Font shape `TU/lmtt/b/n' tried instead on input line 925.
[48] [49]
File: images/chapter_05_img/install_r_packages/01_install_r_packages.png Graphi
c file (type bmp)
<images/chapter_05_img/install_r_packages/01_install_r_packages.png>
File: images/chapter_05_img/install_r_packages/02_install_r_packages.png Graphi
c file (type bmp)
<images/chapter_05_img/install_r_packages/02_install_r_packages.png>

Underfull \vbox (badness 1590) has occurred while \output is active []

[50]
File: images/chapter_05_img/install_r_packages/03_install_r_packages.png Graphi
c file (type bmp)
<images/chapter_05_img/install_r_packages/03_install_r_packages.png>
[51]
File: r_for_non_programmers_files/figure-latex/Explicitly calling functions fro
m R packages-1.pdf Graphic file (type pdf)
<use r_for_non_programmers_files/figure-latex/Explicitly calling functions from
 R packages-1.pdf>

Underfull \vbox (badness 1400) has occurred while \output is active []

[52] [53] [54] [55] [56]
Chapter 6.
[57

]
File: images/chapter_06_img/00_r_project/00_r_project_file_menu.png Graphic fil
e (type bmp)
<images/chapter_06_img/00_r_project/00_r_project_file_menu.png>
File: images/chapter_06_img/00_r_project/01_r_project_new_directory.png Graphic
 file (type bmp)
<images/chapter_06_img/00_r_project/01_r_project_new_directory.png>

Underfull \vbox (badness 10000) has occurred while \output is active []

[58]
File: images/chapter_06_img/00_r_project/02_r_project_new_project.png Graphic f
ile (type bmp)
<images/chapter_06_img/00_r_project/02_r_project_new_project.png>
File: images/chapter_06_img/00_r_project/03_r_project_specs.png Graphic file (t
ype bmp)
<images/chapter_06_img/00_r_project/03_r_project_specs.png>

Underfull \vbox (badness 10000) has occurred while \output is active []

[59]
File: images/chapter_06_img/00_r_project/04_r_project_directory_name.png Graphi
c file (type bmp)
<images/chapter_06_img/00_r_project/04_r_project_directory_name.png>
File: images/chapter_06_img/00_r_project/05_r_project_new_session.png Graphic f
ile (type bmp)
<images/chapter_06_img/00_r_project/05_r_project_new_session.png>

Underfull \vbox (badness 10000) has occurred while \output is active []

[60] [61]
File: images/chapter_06_img/01_organising_work/00_organising_work.png Graphic f
ile (type bmp)
<images/chapter_06_img/01_organising_work/00_organising_work.png>
[62]
File: images/chapter_06_img/02_r_script/00_r_script.png Graphic file (type bmp)

<images/chapter_06_img/02_r_script/00_r_script.png>
File: r_for_non_programmers_files/figure-latex/R Script copy and paste examples
-1.pdf Graphic file (type pdf)
<use r_for_non_programmers_files/figure-latex/R Script copy and paste examples-
1.pdf>

Underfull \vbox (badness 10000) has occurred while \output is active []

[63]
Missing character: There is no ↵ (U+21B5) in font [lmmono10-regular]:!
Missing character: There is no ↵ (U+21B5) in font [lmmono10-regular]:!
Missing character: There is no ↵ (U+21B5) in font [lmmono10-regular]:!
File: images/chapter_06_img/02_r_script/01_r_script_example_plot.png Graphic fi
le (type bmp)
<images/chapter_06_img/02_r_script/01_r_script_example_plot.png>
[64]
Missing character: There is no ↵ (U+21B5) in font [lmmono10-regular]:!
File: images/chapter_06_img/02_r_script/02_r script_code_completion.png Graphic
 file (type bmp)
<images/chapter_06_img/02_r_script/02_r script_code_completion.png>
Missing character: There is no ↵ (U+21B5) in font [lmmono10-regular]:!

Underfull \vbox (badness 1163) has occurred while \output is active []

[65]
File: images/chapter_06_img/03_r_markdown/01_r_markdown_plain.png Graphic file 
(type bmp)
<images/chapter_06_img/03_r_markdown/01_r_markdown_plain.png>
File: images/chapter_06_img/03_r_markdown/02_r_markdown_visual_editor_menu.png 
Graphic file (type bmp)
<images/chapter_06_img/03_r_markdown/02_r_markdown_visual_editor_menu.png>

Underfull \vbox (badness 10000) has occurred while \output is active []

[66]
File: images/chapter_06_img/03_r_markdown/03_r_markdown_visual_editor.png Graph
ic file (type bmp)
<images/chapter_06_img/03_r_markdown/03_r_markdown_visual_editor.png>
[67] [68

]
Chapter 7.
[69] [70

]
Chapter 8.
[71] [72

]
Chapter 9.
[73] [74

]
Chapter 10.
[75] [76

]
Chapter 11.
[77]
Overfull \hbox (99.25455pt too wide) has occurred while \output is active
\TU/lmr/m/n/10 78 \TU/lmr/m/sl/10 CHAPTER 11.  REGRESSION: CREATING MODELS TO P
REDICT FUTURE OBSERVATIONS
 []

[78

]
Chapter 12.
[79]
Overfull \hbox (45.41562pt too wide) has occurred while \output is active
\TU/lmr/m/n/10 80 \TU/lmr/m/sl/10 CHAPTER 12.  MIXED-METHODS RESEARCH: ANALYSIN
G QUALITATIVE IN R
 []

[80

]
Chapter 13.
[81]
Overfull \hbox (73.04903pt too wide) has occurred while \output is active
\TU/lmr/m/n/10 82 \TU/lmr/m/sl/10 CHAPTER 13.  WHERE TO GO FROM HERE: THE NEXT 
STEPS IN YOUR R JOURNEY
 []

[82

]
Chapter 14.

LaTeX Warning: Reference `exercises' on page 83 undefined on input line 1371.

[83] (./r_for_non_programmers.bbl [84]) [85

] (./r_for_non_programmers.aux)

LaTeX Warning: There were undefined references.

Package rerunfilecheck Info: File `r_for_non_programmers.out' has not changed.
(rerunfilecheck)             Checksum: 902DAC80D3C21FC9A8C8645D8F0E42A2;12234.
 ) 
Here is how much of TeX's memory you used:
 17333 strings out of 478451
 326120 string characters out of 5857372
 773639 words of memory out of 5000000
 37351 multiletter control sequences out of 15000+600000
 409969 words of font info for 91 fonts, out of 8000000 for 9000
 14 hyphenation exceptions out of 8191
 87i,8n,120p,1134b,457s stack positions out of 5000i,500n,10000p,200000b,80000s

Output written on r_for_non_programmers.pdf (85 pages).
